
*** Running vivado
    with args -log debouncer.vds -m64 -product Vivado -mode batch -messageDb vivado.pb -notrace -source debouncer.tcl


****** Vivado v2019.1.3 (64-bit)
  **** SW Build 2644227 on Wed Sep  4 09:44:18 MDT 2019
  **** IP Build 2633630 on Wed Sep  4 12:30:14 MDT 2019
    ** Copyright 1986-2019 Xilinx, Inc. All Rights Reserved.

source debouncer.tcl -notrace
Command: synth_design -top debouncer -part xc7s50csga324-1
Starting synth_design
Attempting to get a license for feature 'Synthesis' and/or device 'xc7s50'
INFO: [Common 17-349] Got license for feature 'Synthesis' and/or device 'xc7s50'
INFO: [Device 21-403] Loading part xc7s50csga324-1
INFO: Launching helper process for spawning children vivado processes
INFO: Helper process launched with PID 45499 
---------------------------------------------------------------------------------
Starting RTL Elaboration : Time (s): cpu = 00:00:03 ; elapsed = 00:00:04 . Memory (MB): peak = 1738.145 ; gain = 153.719 ; free physical = 2467 ; free virtual = 35994
---------------------------------------------------------------------------------
INFO: [Synth 8-638] synthesizing module 'debouncer' [/home/krekker/FPGA_For_Beginners/some_beginner_things/some_beginner_things.srcs/sources_1/new/debouncer.vhd:45]
INFO: [Synth 8-638] synthesizing module 'd_ff' [/home/krekker/FPGA_For_Beginners/some_beginner_things/some_beginner_things.srcs/sources_1/new/d_ff.vhd:41]
INFO: [Synth 8-256] done synthesizing module 'd_ff' (1#1) [/home/krekker/FPGA_For_Beginners/some_beginner_things/some_beginner_things.srcs/sources_1/new/d_ff.vhd:41]
INFO: [Synth 8-638] synthesizing module 'counter' [/home/krekker/FPGA_For_Beginners/some_beginner_things/some_beginner_things.srcs/sources_1/new/counter.vhd:44]
	Parameter data_length bound to: 20 - type: integer 
WARNING: [Synth 8-614] signal 'counter_o' is read in the process but is not in the sensitivity list [/home/krekker/FPGA_For_Beginners/some_beginner_things/some_beginner_things.srcs/sources_1/new/counter.vhd:47]
WARNING: [Synth 8-6014] Unused sequential element o_q_reg was removed.  [/home/krekker/FPGA_For_Beginners/some_beginner_things/some_beginner_things.srcs/sources_1/new/counter.vhd:50]
INFO: [Synth 8-256] done synthesizing module 'counter' (2#1) [/home/krekker/FPGA_For_Beginners/some_beginner_things/some_beginner_things.srcs/sources_1/new/counter.vhd:44]
INFO: [Synth 8-638] synthesizing module 'dff_en' [/home/krekker/FPGA_For_Beginners/some_beginner_things/some_beginner_things.srcs/sources_1/new/dff_en.vhd:42]
INFO: [Synth 8-256] done synthesizing module 'dff_en' (3#1) [/home/krekker/FPGA_For_Beginners/some_beginner_things/some_beginner_things.srcs/sources_1/new/dff_en.vhd:42]
INFO: [Synth 8-256] done synthesizing module 'debouncer' (4#1) [/home/krekker/FPGA_For_Beginners/some_beginner_things/some_beginner_things.srcs/sources_1/new/debouncer.vhd:45]
---------------------------------------------------------------------------------
Finished RTL Elaboration : Time (s): cpu = 00:00:05 ; elapsed = 00:00:06 . Memory (MB): peak = 1791.895 ; gain = 207.469 ; free physical = 2460 ; free virtual = 35988
---------------------------------------------------------------------------------

Report Check Netlist: 
+------+------------------+-------+---------+-------+------------------+
|      |Item              |Errors |Warnings |Status |Description       |
+------+------------------+-------+---------+-------+------------------+
|1     |multi_driven_nets |      0|        0|Passed |Multi driven nets |
+------+------------------+-------+---------+-------+------------------+
---------------------------------------------------------------------------------
Start Handling Custom Attributes
---------------------------------------------------------------------------------
---------------------------------------------------------------------------------
Finished Handling Custom Attributes : Time (s): cpu = 00:00:05 ; elapsed = 00:00:06 . Memory (MB): peak = 1797.832 ; gain = 213.406 ; free physical = 2447 ; free virtual = 35975
---------------------------------------------------------------------------------
---------------------------------------------------------------------------------
Finished RTL Optimization Phase 1 : Time (s): cpu = 00:00:05 ; elapsed = 00:00:06 . Memory (MB): peak = 1797.832 ; gain = 213.406 ; free physical = 2447 ; free virtual = 35975
---------------------------------------------------------------------------------
INFO: [Project 1-570] Preparing netlist for logic optimization

Processing XDC Constraints
Initializing timing engine
Parsing XDC File [/home/krekker/FPGA_For_Beginners/some_beginner_things/some_beginner_things.srcs/constrs_1/new/debouncer.xdc]
Finished Parsing XDC File [/home/krekker/FPGA_For_Beginners/some_beginner_things/some_beginner_things.srcs/constrs_1/new/debouncer.xdc]
INFO: [Project 1-236] Implementation specific constraints were found while reading constraint file [/home/krekker/FPGA_For_Beginners/some_beginner_things/some_beginner_things.srcs/constrs_1/new/debouncer.xdc]. These constraints will be ignored for synthesis but will be used in implementation. Impacted constraints are listed in the file [.Xil/debouncer_propImpl.xdc].
Resolution: To avoid this warning, move constraints listed in [.Xil/debouncer_propImpl.xdc] to another XDC file and exclude this new file from synthesis with the used_in_synthesis property (File Properties dialog in GUI) and re-run elaboration/synthesis.
Completed Processing XDC Constraints

Netlist sorting complete. Time (s): cpu = 00:00:00 ; elapsed = 00:00:00 . Memory (MB): peak = 1943.582 ; gain = 0.000 ; free physical = 2315 ; free virtual = 35839
INFO: [Project 1-111] Unisim Transformation Summary:
No Unisim elements were transformed.

Constraint Validation Runtime : Time (s): cpu = 00:00:00 ; elapsed = 00:00:00 . Memory (MB): peak = 1943.582 ; gain = 0.000 ; free physical = 2315 ; free virtual = 35839
---------------------------------------------------------------------------------
Finished Constraint Validation : Time (s): cpu = 00:00:10 ; elapsed = 00:00:13 . Memory (MB): peak = 1943.582 ; gain = 359.156 ; free physical = 2411 ; free virtual = 35923
---------------------------------------------------------------------------------
---------------------------------------------------------------------------------
Start Loading Part and Timing Information
---------------------------------------------------------------------------------
Loading part: xc7s50csga324-1
---------------------------------------------------------------------------------
Finished Loading Part and Timing Information : Time (s): cpu = 00:00:10 ; elapsed = 00:00:13 . Memory (MB): peak = 1943.582 ; gain = 359.156 ; free physical = 2410 ; free virtual = 35923
---------------------------------------------------------------------------------
---------------------------------------------------------------------------------
Start Applying 'set_property' XDC Constraints
---------------------------------------------------------------------------------
---------------------------------------------------------------------------------
Finished applying 'set_property' XDC Constraints : Time (s): cpu = 00:00:10 ; elapsed = 00:00:13 . Memory (MB): peak = 1943.582 ; gain = 359.156 ; free physical = 2413 ; free virtual = 35925
---------------------------------------------------------------------------------
---------------------------------------------------------------------------------
Finished RTL Optimization Phase 2 : Time (s): cpu = 00:00:10 ; elapsed = 00:00:13 . Memory (MB): peak = 1943.582 ; gain = 359.156 ; free physical = 2389 ; free virtual = 35901
---------------------------------------------------------------------------------

Report RTL Partitions: 
+-+--------------+------------+----------+
| |RTL Partition |Replication |Instances |
+-+--------------+------------+----------+
+-+--------------+------------+----------+
---------------------------------------------------------------------------------
Start RTL Component Statistics 
---------------------------------------------------------------------------------
Detailed RTL Component Info : 
+---XORs : 
	   2 Input      1 Bit         XORs := 1     
+---Registers : 
	                1 Bit    Registers := 3     
---------------------------------------------------------------------------------
Finished RTL Component Statistics 
---------------------------------------------------------------------------------
---------------------------------------------------------------------------------
Start RTL Hierarchical Component Statistics 
---------------------------------------------------------------------------------
Hierarchical RTL Component report 
Module debouncer 
Detailed RTL Component Info : 
+---XORs : 
	   2 Input      1 Bit         XORs := 1     
Module d_ff 
Detailed RTL Component Info : 
+---Registers : 
	                1 Bit    Registers := 1     
Module dff_en 
Detailed RTL Component Info : 
+---Registers : 
	                1 Bit    Registers := 1     
---------------------------------------------------------------------------------
Finished RTL Hierarchical Component Statistics
---------------------------------------------------------------------------------
---------------------------------------------------------------------------------
Start Part Resource Summary
---------------------------------------------------------------------------------
Part Resources:
DSPs: 120 (col length:60)
BRAMs: 150 (col length: RAMB18 60 RAMB36 30)
---------------------------------------------------------------------------------
Finished Part Resource Summary
---------------------------------------------------------------------------------
---------------------------------------------------------------------------------
Start Cross Boundary and Area Optimization
---------------------------------------------------------------------------------
Warning: Parallel synthesis criteria is not met 
---------------------------------------------------------------------------------
Finished Cross Boundary and Area Optimization : Time (s): cpu = 00:00:11 ; elapsed = 00:00:14 . Memory (MB): peak = 1943.582 ; gain = 359.156 ; free physical = 2341 ; free virtual = 35853
---------------------------------------------------------------------------------

Report RTL Partitions: 
+-+--------------+------------+----------+
| |RTL Partition |Replication |Instances |
+-+--------------+------------+----------+
+-+--------------+------------+----------+
---------------------------------------------------------------------------------
Start Applying XDC Timing Constraints
---------------------------------------------------------------------------------
---------------------------------------------------------------------------------
Finished Applying XDC Timing Constraints : Time (s): cpu = 00:00:18 ; elapsed = 00:00:21 . Memory (MB): peak = 1943.582 ; gain = 359.156 ; free physical = 2374 ; free virtual = 35872
---------------------------------------------------------------------------------
---------------------------------------------------------------------------------
Start Timing Optimization
---------------------------------------------------------------------------------
---------------------------------------------------------------------------------
Finished Timing Optimization : Time (s): cpu = 00:00:18 ; elapsed = 00:00:21 . Memory (MB): peak = 1943.582 ; gain = 359.156 ; free physical = 2374 ; free virtual = 35872
---------------------------------------------------------------------------------

Report RTL Partitions: 
+-+--------------+------------+----------+
| |RTL Partition |Replication |Instances |
+-+--------------+------------+----------+
+-+--------------+------------+----------+
---------------------------------------------------------------------------------
Start Technology Mapping
---------------------------------------------------------------------------------
---------------------------------------------------------------------------------
Finished Technology Mapping : Time (s): cpu = 00:00:18 ; elapsed = 00:00:21 . Memory (MB): peak = 1943.582 ; gain = 359.156 ; free physical = 2373 ; free virtual = 35871
---------------------------------------------------------------------------------

Report RTL Partitions: 
+-+--------------+------------+----------+
| |RTL Partition |Replication |Instances |
+-+--------------+------------+----------+
+-+--------------+------------+----------+
---------------------------------------------------------------------------------
Start IO Insertion
---------------------------------------------------------------------------------
---------------------------------------------------------------------------------
Start Flattening Before IO Insertion
---------------------------------------------------------------------------------
---------------------------------------------------------------------------------
Finished Flattening Before IO Insertion
---------------------------------------------------------------------------------
---------------------------------------------------------------------------------
Start Final Netlist Cleanup
---------------------------------------------------------------------------------
---------------------------------------------------------------------------------
Finished Final Netlist Cleanup
---------------------------------------------------------------------------------
---------------------------------------------------------------------------------
Finished IO Insertion : Time (s): cpu = 00:00:20 ; elapsed = 00:00:22 . Memory (MB): peak = 1943.582 ; gain = 359.156 ; free physical = 2327 ; free virtual = 35824
---------------------------------------------------------------------------------

Report Check Netlist: 
+------+------------------+-------+---------+-------+------------------+
|      |Item              |Errors |Warnings |Status |Description       |
+------+------------------+-------+---------+-------+------------------+
|1     |multi_driven_nets |      0|        0|Passed |Multi driven nets |
+------+------------------+-------+---------+-------+------------------+
---------------------------------------------------------------------------------
Start Renaming Generated Instances
---------------------------------------------------------------------------------
---------------------------------------------------------------------------------
Finished Renaming Generated Instances : Time (s): cpu = 00:00:20 ; elapsed = 00:00:22 . Memory (MB): peak = 1943.582 ; gain = 359.156 ; free physical = 2327 ; free virtual = 35824
---------------------------------------------------------------------------------

Report RTL Partitions: 
+-+--------------+------------+----------+
| |RTL Partition |Replication |Instances |
+-+--------------+------------+----------+
+-+--------------+------------+----------+
---------------------------------------------------------------------------------
Start Rebuilding User Hierarchy
---------------------------------------------------------------------------------
---------------------------------------------------------------------------------
Finished Rebuilding User Hierarchy : Time (s): cpu = 00:00:20 ; elapsed = 00:00:22 . Memory (MB): peak = 1943.582 ; gain = 359.156 ; free physical = 2327 ; free virtual = 35824
---------------------------------------------------------------------------------
---------------------------------------------------------------------------------
Start Renaming Generated Ports
---------------------------------------------------------------------------------
---------------------------------------------------------------------------------
Finished Renaming Generated Ports : Time (s): cpu = 00:00:20 ; elapsed = 00:00:22 . Memory (MB): peak = 1943.582 ; gain = 359.156 ; free physical = 2327 ; free virtual = 35823
---------------------------------------------------------------------------------
---------------------------------------------------------------------------------
Start Handling Custom Attributes
---------------------------------------------------------------------------------
---------------------------------------------------------------------------------
Finished Handling Custom Attributes : Time (s): cpu = 00:00:20 ; elapsed = 00:00:22 . Memory (MB): peak = 1943.582 ; gain = 359.156 ; free physical = 2326 ; free virtual = 35823
---------------------------------------------------------------------------------
---------------------------------------------------------------------------------
Start Renaming Generated Nets
---------------------------------------------------------------------------------
---------------------------------------------------------------------------------
Finished Renaming Generated Nets : Time (s): cpu = 00:00:20 ; elapsed = 00:00:22 . Memory (MB): peak = 1943.582 ; gain = 359.156 ; free physical = 2338 ; free virtual = 35834
---------------------------------------------------------------------------------
---------------------------------------------------------------------------------
Start Writing Synthesis Report
---------------------------------------------------------------------------------

Report BlackBoxes: 
+-+--------------+----------+
| |BlackBox name |Instances |
+-+--------------+----------+
+-+--------------+----------+

Report Cell Usage: 
+------+-------+------+
|      |Cell   |Count |
+------+-------+------+
|1     |BUFG   |     1|
|2     |CARRY4 |     5|
|3     |LUT1   |     2|
|4     |LUT4   |     1|
|5     |LUT5   |     1|
|6     |LUT6   |     3|
|7     |FDCE   |     3|
|8     |FDRE   |    20|
|9     |IBUF   |     3|
|10    |OBUF   |     1|
+------+-------+------+

Report Instance Areas: 
+------+---------------+--------+------+
|      |Instance       |Module  |Cells |
+------+---------------+--------+------+
|1     |top            |        |    40|
|2     |  inst_counter |counter |    31|
|3     |  inst_dff1    |d_ff    |     2|
|4     |  inst_dff2    |d_ff_0  |     1|
|5     |  inst_dff_en  |dff_en  |     1|
+------+---------------+--------+------+
---------------------------------------------------------------------------------
Finished Writing Synthesis Report : Time (s): cpu = 00:00:20 ; elapsed = 00:00:22 . Memory (MB): peak = 1943.582 ; gain = 359.156 ; free physical = 2348 ; free virtual = 35844
---------------------------------------------------------------------------------
Synthesis finished with 0 errors, 0 critical warnings and 0 warnings.
Synthesis Optimization Runtime : Time (s): cpu = 00:00:18 ; elapsed = 00:00:20 . Memory (MB): peak = 1943.582 ; gain = 213.406 ; free physical = 2388 ; free virtual = 35883
Synthesis Optimization Complete : Time (s): cpu = 00:00:20 ; elapsed = 00:00:22 . Memory (MB): peak = 1943.582 ; gain = 359.156 ; free physical = 2387 ; free virtual = 35883
INFO: [Project 1-571] Translating synthesized netlist
INFO: [Netlist 29-17] Analyzing 5 Unisim elements for replacement
INFO: [Netlist 29-28] Unisim Transformation completed in 0 CPU seconds
INFO: [Project 1-570] Preparing netlist for logic optimization
INFO: [Opt 31-138] Pushed 0 inverter(s) to 0 load pin(s).
Netlist sorting complete. Time (s): cpu = 00:00:00 ; elapsed = 00:00:00 . Memory (MB): peak = 1943.582 ; gain = 0.000 ; free physical = 2332 ; free virtual = 35823
INFO: [Project 1-111] Unisim Transformation Summary:
No Unisim elements were transformed.

INFO: [Common 17-83] Releasing license: Synthesis
20 Infos, 2 Warnings, 0 Critical Warnings and 0 Errors encountered.
synth_design completed successfully
synth_design: Time (s): cpu = 00:00:25 ; elapsed = 00:00:27 . Memory (MB): peak = 1943.582 ; gain = 578.062 ; free physical = 2433 ; free virtual = 35923
Netlist sorting complete. Time (s): cpu = 00:00:00 ; elapsed = 00:00:00 . Memory (MB): peak = 1943.582 ; gain = 0.000 ; free physical = 2433 ; free virtual = 35923
WARNING: [Constraints 18-5210] No constraints selected for write.
Resolution: This message can indicate that there are no constraints for the design, or it can indicate that the used_in flags are set such that the constraints are ignored. This later case is used when running synth_design to not write synthesis constraints to the resulting checkpoint. Instead, project constraints are read when the synthesized design is opened.
INFO: [Common 17-1381] The checkpoint '/home/krekker/FPGA_For_Beginners/some_beginner_things/some_beginner_things.runs/synth_1/debouncer.dcp' has been generated.
INFO: [runtcl-4] Executing : report_utilization -file debouncer_utilization_synth.rpt -pb debouncer_utilization_synth.pb
INFO: [Common 17-206] Exiting Vivado at Thu Nov 11 15:38:06 2021...
