19:56:07 INFO  : Registering command handlers for SDK TCF services
19:56:10 INFO  : Launching XSCT server: xsct -n -interactive /home/krekker/FPGA_For_Beginners/linux_qmtech/linux_qmtech.sdk/temp_xsdb_launch_script.tcl
19:56:16 INFO  : XSCT server has started successfully.
19:56:16 INFO  : Successfully done setting XSCT server connection channel  
19:56:22 INFO  : Successfully done setting SDK workspace  
19:56:22 INFO  : Processing command line option -hwspec /home/krekker/FPGA_For_Beginners/linux_qmtech/linux_qmtech.sdk/linux_qmtech_wrapper.hdf.
22:35:18 INFO  : Registering command handlers for SDK TCF services
22:35:21 INFO  : Launching XSCT server: xsct -n -interactive /home/mkrekker/Documents/FPGA_For_Beginners/linux_qmtech/linux_qmtech.sdk/temp_xsdb_launch_script.tcl
22:35:25 INFO  : XSCT server has started successfully.
22:35:25 INFO  : Successfully done setting XSCT server connection channel  
22:35:25 INFO  : Successfully done setting SDK workspace  
22:35:25 INFO  : Processing command line option -hwspec /home/mkrekker/Documents/FPGA_For_Beginners/linux_qmtech/linux_qmtech.sdk/linux_qmtech_wrapper.hdf.
22:40:31 INFO  : Launching XSCT server: xsct -n -interactive /home/mkrekker/Documents/FPGA_For_Beginners/linux_qmtech/linux_qmtech.sdk/temp_xsdb_launch_script.tcl
22:40:34 INFO  : XSCT server has started successfully.
22:40:38 INFO  : Successfully done setting XSCT server connection channel  
22:40:38 INFO  : Successfully done setting SDK workspace  
22:40:39 INFO  : Registering command handlers for SDK TCF services
22:40:41 INFO  : Processing command line option -hwspec /home/mkrekker/Documents/FPGA_For_Beginners/linux_qmtech/linux_qmtech.sdk/linux_qmtech_wrapper.hdf.
22:40:43 INFO  : Checking for hwspec changes in the project linux_qmtech_wrapper_hw_platform_1.
22:40:44 INFO  : SDK has detected change in the last modified timestamps for source hardware specification file Source:1636666773000,  Project:1636656461000
22:40:44 INFO  : The hardware specification for project 'linux_qmtech_wrapper_hw_platform_1' is different from /home/mkrekker/Documents/FPGA_For_Beginners/linux_qmtech/linux_qmtech.sdk/linux_qmtech_wrapper.hdf.
22:40:44 INFO  : Copied contents of /home/mkrekker/Documents/FPGA_For_Beginners/linux_qmtech/linux_qmtech.sdk/linux_qmtech_wrapper.hdf into /linux_qmtech_wrapper_hw_platform_1/system.hdf.
22:40:47 INFO  : Synchronizing projects in the workspace with the hardware platform specification changes.
22:40:47 INFO  : Clearing existing target manager status.
22:40:47 INFO  : Workspace synchronized with the new hardware specification file. Cleaning dependent projects...
22:40:47 WARN  : Linker script will not be updated automatically. Users need to update it manually.
22:42:11 INFO  : Connected to target on host '127.0.0.1' and port '3121'.
22:42:12 INFO  : 'targets -set -filter {jtag_cable_name =~ "Platform Cable USB II 13724327082b01" && level==0} -index 1' command is executed.
22:42:23 INFO  : FPGA configured successfully with bitstream "/home/mkrekker/Documents/FPGA_For_Beginners/linux_qmtech/linux_qmtech.sdk/linux_qmtech_wrapper_hw_platform_0/linux_qmtech_wrapper.bit"
22:43:17 INFO  : 'targets -set -filter {jtag_cable_name =~ "Platform Cable USB II 13724327082b01" && level==0} -index 1' command is executed.
22:43:17 INFO  : 'fpga -state' command is executed.
22:43:17 INFO  : Connected to target on host '127.0.0.1' and port '3121'.
22:43:17 INFO  : Jtag cable 'Platform Cable USB II 13724327082b01' is selected.
22:43:17 INFO  : 'jtag frequency' command is executed.
22:43:17 INFO  : Sourcing of '/home/mkrekker/Documents/FPGA_For_Beginners/linux_qmtech/linux_qmtech.sdk/linux_qmtech_wrapper_hw_platform_0/ps7_init.tcl' is done.
22:43:17 INFO  : Context for 'APU' is selected.
22:43:17 INFO  : Hardware design information is loaded from '/home/mkrekker/Documents/FPGA_For_Beginners/linux_qmtech/linux_qmtech.sdk/linux_qmtech_wrapper_hw_platform_0/system.hdf'.
22:43:17 INFO  : 'configparams force-mem-access 1' command is executed.
22:43:17 INFO  : Context for 'APU' is selected.
22:43:17 INFO  : 'stop' command is executed.
22:43:18 INFO  : 'ps7_init' command is executed.
22:43:18 INFO  : 'ps7_post_config' command is executed.
22:43:18 INFO  : Context for processor 'ps7_cortexa9_0' is selected.
22:43:18 INFO  : Processor reset is completed for 'ps7_cortexa9_0'.
22:43:18 INFO  : Context for processor 'ps7_cortexa9_0' is selected.
22:43:19 INFO  : The application '/home/mkrekker/Documents/FPGA_For_Beginners/linux_qmtech/linux_qmtech.sdk/blink/Debug/blink.elf' is downloaded to processor 'ps7_cortexa9_0'.
22:43:19 INFO  : 'configparams force-mem-access 0' command is executed.
22:43:19 INFO  : ----------------XSDB Script----------------
connect -url tcp:127.0.0.1:3121
source /home/mkrekker/Documents/FPGA_For_Beginners/linux_qmtech/linux_qmtech.sdk/linux_qmtech_wrapper_hw_platform_0/ps7_init.tcl
targets -set -nocase -filter {name =~"APU*" && jtag_cable_name =~ "Platform Cable USB II 13724327082b01"} -index 0
loadhw -hw /home/mkrekker/Documents/FPGA_For_Beginners/linux_qmtech/linux_qmtech.sdk/linux_qmtech_wrapper_hw_platform_0/system.hdf -mem-ranges [list {0x40000000 0xbfffffff}]
configparams force-mem-access 1
targets -set -nocase -filter {name =~"APU*" && jtag_cable_name =~ "Platform Cable USB II 13724327082b01"} -index 0
stop
ps7_init
ps7_post_config
targets -set -nocase -filter {name =~ "ARM*#0" && jtag_cable_name =~ "Platform Cable USB II 13724327082b01"} -index 0
rst -processor
targets -set -nocase -filter {name =~ "ARM*#0" && jtag_cable_name =~ "Platform Cable USB II 13724327082b01"} -index 0
dow /home/mkrekker/Documents/FPGA_For_Beginners/linux_qmtech/linux_qmtech.sdk/blink/Debug/blink.elf
configparams force-mem-access 0
----------------End of Script----------------

22:43:19 INFO  : Memory regions updated for context APU
22:43:19 INFO  : Context for processor 'ps7_cortexa9_0' is selected.
22:43:19 INFO  : 'con' command is executed.
22:43:19 INFO  : ----------------XSDB Script (After Launch)----------------
targets -set -nocase -filter {name =~ "ARM*#0" && jtag_cable_name =~ "Platform Cable USB II 13724327082b01"} -index 0
con
----------------End of Script----------------

22:43:19 INFO  : Launch script is exported to file '/home/mkrekker/Documents/FPGA_For_Beginners/linux_qmtech/linux_qmtech.sdk/.sdk/launch_scripts/xilinx_c-c++_application_(system_debugger)/system_debugger_using_debug_blink.elf_on_local.tcl'
22:44:12 INFO  : Disconnected from the channel tcfchan#1.
22:44:14 INFO  : 'targets -set -filter {jtag_cable_name =~ "Platform Cable USB II 13724327082b01" && level==0} -index 1' command is executed.
22:44:14 INFO  : 'fpga -state' command is executed.
22:44:14 INFO  : Connected to target on host '127.0.0.1' and port '3121'.
22:44:14 INFO  : Jtag cable 'Platform Cable USB II 13724327082b01' is selected.
22:44:14 INFO  : 'jtag frequency' command is executed.
22:44:14 INFO  : Sourcing of '/home/mkrekker/Documents/FPGA_For_Beginners/linux_qmtech/linux_qmtech.sdk/linux_qmtech_wrapper_hw_platform_0/ps7_init.tcl' is done.
22:44:14 INFO  : Context for 'APU' is selected.
22:44:15 INFO  : Hardware design information is loaded from '/home/mkrekker/Documents/FPGA_For_Beginners/linux_qmtech/linux_qmtech.sdk/linux_qmtech_wrapper_hw_platform_0/system.hdf'.
22:44:15 INFO  : 'configparams force-mem-access 1' command is executed.
22:44:15 INFO  : Context for 'APU' is selected.
22:44:15 INFO  : 'stop' command is executed.
22:44:16 INFO  : 'ps7_init' command is executed.
22:44:16 INFO  : 'ps7_post_config' command is executed.
22:44:16 INFO  : Context for processor 'ps7_cortexa9_0' is selected.
22:44:16 INFO  : Processor reset is completed for 'ps7_cortexa9_0'.
22:44:16 INFO  : Context for processor 'ps7_cortexa9_0' is selected.
22:44:17 INFO  : The application '/home/mkrekker/Documents/FPGA_For_Beginners/linux_qmtech/linux_qmtech.sdk/blink/Debug/blink.elf' is downloaded to processor 'ps7_cortexa9_0'.
22:44:17 INFO  : 'configparams force-mem-access 0' command is executed.
22:44:17 INFO  : ----------------XSDB Script----------------
connect -url tcp:127.0.0.1:3121
source /home/mkrekker/Documents/FPGA_For_Beginners/linux_qmtech/linux_qmtech.sdk/linux_qmtech_wrapper_hw_platform_0/ps7_init.tcl
targets -set -nocase -filter {name =~"APU*" && jtag_cable_name =~ "Platform Cable USB II 13724327082b01"} -index 0
loadhw -hw /home/mkrekker/Documents/FPGA_For_Beginners/linux_qmtech/linux_qmtech.sdk/linux_qmtech_wrapper_hw_platform_0/system.hdf -mem-ranges [list {0x40000000 0xbfffffff}]
configparams force-mem-access 1
targets -set -nocase -filter {name =~"APU*" && jtag_cable_name =~ "Platform Cable USB II 13724327082b01"} -index 0
stop
ps7_init
ps7_post_config
targets -set -nocase -filter {name =~ "ARM*#0" && jtag_cable_name =~ "Platform Cable USB II 13724327082b01"} -index 0
rst -processor
targets -set -nocase -filter {name =~ "ARM*#0" && jtag_cable_name =~ "Platform Cable USB II 13724327082b01"} -index 0
dow /home/mkrekker/Documents/FPGA_For_Beginners/linux_qmtech/linux_qmtech.sdk/blink/Debug/blink.elf
configparams force-mem-access 0
----------------End of Script----------------

22:44:17 INFO  : Memory regions updated for context APU
22:44:17 INFO  : Context for processor 'ps7_cortexa9_0' is selected.
22:44:17 INFO  : 'con' command is executed.
22:44:17 INFO  : ----------------XSDB Script (After Launch)----------------
targets -set -nocase -filter {name =~ "ARM*#0" && jtag_cable_name =~ "Platform Cable USB II 13724327082b01"} -index 0
con
----------------End of Script----------------

22:44:17 INFO  : Launch script is exported to file '/home/mkrekker/Documents/FPGA_For_Beginners/linux_qmtech/linux_qmtech.sdk/.sdk/launch_scripts/xilinx_c-c++_application_(system_debugger)/system_debugger_using_debug_blink.elf_on_local.tcl'
22:44:51 INFO  : Disconnected from the channel tcfchan#2.
22:44:52 INFO  : 'targets -set -filter {jtag_cable_name =~ "Platform Cable USB II 13724327082b01" && level==0} -index 1' command is executed.
22:44:52 INFO  : 'fpga -state' command is executed.
22:44:52 INFO  : Connected to target on host '127.0.0.1' and port '3121'.
22:44:52 INFO  : Jtag cable 'Platform Cable USB II 13724327082b01' is selected.
22:44:52 INFO  : 'jtag frequency' command is executed.
22:44:52 INFO  : Sourcing of '/home/mkrekker/Documents/FPGA_For_Beginners/linux_qmtech/linux_qmtech.sdk/linux_qmtech_wrapper_hw_platform_0/ps7_init.tcl' is done.
22:44:52 INFO  : Context for 'APU' is selected.
22:44:52 INFO  : Hardware design information is loaded from '/home/mkrekker/Documents/FPGA_For_Beginners/linux_qmtech/linux_qmtech.sdk/linux_qmtech_wrapper_hw_platform_0/system.hdf'.
22:44:52 INFO  : 'configparams force-mem-access 1' command is executed.
22:44:52 INFO  : Context for 'APU' is selected.
22:44:52 INFO  : 'stop' command is executed.
22:44:53 INFO  : 'ps7_init' command is executed.
22:44:53 INFO  : 'ps7_post_config' command is executed.
22:44:53 INFO  : Context for processor 'ps7_cortexa9_0' is selected.
22:44:53 INFO  : Processor reset is completed for 'ps7_cortexa9_0'.
22:44:53 INFO  : Context for processor 'ps7_cortexa9_0' is selected.
22:44:54 INFO  : The application '/home/mkrekker/Documents/FPGA_For_Beginners/linux_qmtech/linux_qmtech.sdk/blink/Debug/blink.elf' is downloaded to processor 'ps7_cortexa9_0'.
22:44:54 INFO  : 'configparams force-mem-access 0' command is executed.
22:44:54 INFO  : ----------------XSDB Script----------------
connect -url tcp:127.0.0.1:3121
source /home/mkrekker/Documents/FPGA_For_Beginners/linux_qmtech/linux_qmtech.sdk/linux_qmtech_wrapper_hw_platform_0/ps7_init.tcl
targets -set -nocase -filter {name =~"APU*" && jtag_cable_name =~ "Platform Cable USB II 13724327082b01"} -index 0
loadhw -hw /home/mkrekker/Documents/FPGA_For_Beginners/linux_qmtech/linux_qmtech.sdk/linux_qmtech_wrapper_hw_platform_0/system.hdf -mem-ranges [list {0x40000000 0xbfffffff}]
configparams force-mem-access 1
targets -set -nocase -filter {name =~"APU*" && jtag_cable_name =~ "Platform Cable USB II 13724327082b01"} -index 0
stop
ps7_init
ps7_post_config
targets -set -nocase -filter {name =~ "ARM*#0" && jtag_cable_name =~ "Platform Cable USB II 13724327082b01"} -index 0
rst -processor
targets -set -nocase -filter {name =~ "ARM*#0" && jtag_cable_name =~ "Platform Cable USB II 13724327082b01"} -index 0
dow /home/mkrekker/Documents/FPGA_For_Beginners/linux_qmtech/linux_qmtech.sdk/blink/Debug/blink.elf
configparams force-mem-access 0
----------------End of Script----------------

22:44:54 INFO  : Memory regions updated for context APU
22:44:54 INFO  : Context for processor 'ps7_cortexa9_0' is selected.
22:44:54 INFO  : 'con' command is executed.
22:44:54 INFO  : ----------------XSDB Script (After Launch)----------------
targets -set -nocase -filter {name =~ "ARM*#0" && jtag_cable_name =~ "Platform Cable USB II 13724327082b01"} -index 0
con
----------------End of Script----------------

22:44:54 INFO  : Launch script is exported to file '/home/mkrekker/Documents/FPGA_For_Beginners/linux_qmtech/linux_qmtech.sdk/.sdk/launch_scripts/xilinx_c-c++_application_(system_debugger)/system_debugger_using_debug_blink.elf_on_local.tcl'
22:45:00 INFO  : Connected to target on host '127.0.0.1' and port '3121'.
22:45:00 INFO  : 'targets -set -filter {jtag_cable_name =~ "Platform Cable USB II 13724327082b01" && level==0} -index 1' command is executed.
22:45:11 INFO  : FPGA configured successfully with bitstream "/home/mkrekker/Documents/FPGA_For_Beginners/linux_qmtech/linux_qmtech.sdk/linux_qmtech_wrapper_hw_platform_0/linux_qmtech_wrapper.bit"
22:45:32 INFO  : Disconnected from the channel tcfchan#3.
22:45:33 INFO  : 'targets -set -filter {jtag_cable_name =~ "Platform Cable USB II 13724327082b01" && level==0} -index 1' command is executed.
22:45:33 INFO  : 'fpga -state' command is executed.
22:45:33 INFO  : Connected to target on host '127.0.0.1' and port '3121'.
22:45:33 INFO  : Jtag cable 'Platform Cable USB II 13724327082b01' is selected.
22:45:33 INFO  : 'jtag frequency' command is executed.
22:45:33 INFO  : Sourcing of '/home/mkrekker/Documents/FPGA_For_Beginners/linux_qmtech/linux_qmtech.sdk/linux_qmtech_wrapper_hw_platform_0/ps7_init.tcl' is done.
22:45:33 INFO  : Context for 'APU' is selected.
22:45:33 INFO  : Hardware design information is loaded from '/home/mkrekker/Documents/FPGA_For_Beginners/linux_qmtech/linux_qmtech.sdk/linux_qmtech_wrapper_hw_platform_0/system.hdf'.
22:45:33 INFO  : 'configparams force-mem-access 1' command is executed.
22:45:33 INFO  : Context for 'APU' is selected.
22:45:34 INFO  : 'stop' command is executed.
22:45:37 ERROR : Memory write error at 0xE0001034. AP transaction timeout
22:45:37 INFO  : ----------------XSDB Script----------------
connect -url tcp:127.0.0.1:3121
source /home/mkrekker/Documents/FPGA_For_Beginners/linux_qmtech/linux_qmtech.sdk/linux_qmtech_wrapper_hw_platform_0/ps7_init.tcl
targets -set -nocase -filter {name =~"APU*" && jtag_cable_name =~ "Platform Cable USB II 13724327082b01"} -index 0
loadhw -hw /home/mkrekker/Documents/FPGA_For_Beginners/linux_qmtech/linux_qmtech.sdk/linux_qmtech_wrapper_hw_platform_0/system.hdf -mem-ranges [list {0x40000000 0xbfffffff}]
configparams force-mem-access 1
targets -set -nocase -filter {name =~"APU*" && jtag_cable_name =~ "Platform Cable USB II 13724327082b01"} -index 0
stop
ps7_init
----------------End of Script----------------

22:47:49 INFO  : Connected to target on host '127.0.0.1' and port '3121'.
22:47:54 INFO  : 'targets -set -filter {jtag_cable_name =~ "Platform Cable USB II 13724327082b01" && level==0} -index 1' command is executed.
22:48:23 ERROR : fpga configuration failed. DONE PIN is not HIGH
22:48:37 INFO  : Connected to target on host '127.0.0.1' and port '3121'.
22:48:38 INFO  : 'targets -set -filter {jtag_cable_name =~ "Platform Cable USB II 13724327082b01" && level==0} -index 1' command is executed.
22:49:06 ERROR : fpga configuration failed. DONE PIN is not HIGH
22:59:52 INFO  : Registering command handlers for SDK TCF services
22:59:53 INFO  : Launching XSCT server: xsct -n -interactive /home/mkrekker/Documents/FPGA_For_Beginners/linux_qmtech/linux_qmtech.sdk/temp_xsdb_launch_script.tcl
22:59:58 INFO  : XSCT server has started successfully.
22:59:59 INFO  : Successfully done setting XSCT server connection channel  
22:59:59 INFO  : Successfully done setting SDK workspace  
22:59:59 INFO  : Processing command line option -hwspec /home/mkrekker/Documents/FPGA_For_Beginners/linux_qmtech/linux_qmtech.sdk/linux_qmtech_wrapper.hdf.
22:59:59 INFO  : Checking for hwspec changes in the project linux_qmtech_wrapper_hw_platform_1.
23:00:03 INFO  : SDK has detected change in the last modified timestamps for source hardware specification file Source:1636667956000,  Project:1636666773000
23:00:03 INFO  : The hardware specification for project 'linux_qmtech_wrapper_hw_platform_1' is different from /home/mkrekker/Documents/FPGA_For_Beginners/linux_qmtech/linux_qmtech.sdk/linux_qmtech_wrapper.hdf.
23:00:03 INFO  : Copied contents of /home/mkrekker/Documents/FPGA_For_Beginners/linux_qmtech/linux_qmtech.sdk/linux_qmtech_wrapper.hdf into /linux_qmtech_wrapper_hw_platform_1/system.hdf.
23:00:06 INFO  : Synchronizing projects in the workspace with the hardware platform specification changes.
23:00:06 INFO  : Clearing existing target manager status.
23:00:06 INFO  : Workspace synchronized with the new hardware specification file. Cleaning dependent projects...
23:00:06 WARN  : Linker script will not be updated automatically. Users need to update it manually.
23:00:27 INFO  : Connected to target on host '127.0.0.1' and port '3121'.
23:02:05 INFO  : Connected to target on host '127.0.0.1' and port '3121'.
23:02:05 INFO  : 'targets -set -filter {jtag_cable_name =~ "Platform Cable USB II 13724327082b01" && level==0} -index 1' command is executed.
23:02:16 INFO  : FPGA configured successfully with bitstream "/home/mkrekker/Documents/FPGA_For_Beginners/linux_qmtech/linux_qmtech.sdk/linux_qmtech_wrapper_hw_platform_0/linux_qmtech_wrapper.bit"
23:02:33 INFO  : 'targets -set -filter {jtag_cable_name =~ "Platform Cable USB II 13724327082b01" && level==0} -index 1' command is executed.
23:02:33 INFO  : 'fpga -state' command is executed.
23:02:33 INFO  : Connected to target on host '127.0.0.1' and port '3121'.
23:02:33 INFO  : Jtag cable 'Platform Cable USB II 13724327082b01' is selected.
23:02:33 INFO  : 'jtag frequency' command is executed.
23:02:33 INFO  : Sourcing of '/home/mkrekker/Documents/FPGA_For_Beginners/linux_qmtech/linux_qmtech.sdk/linux_qmtech_wrapper_hw_platform_0/ps7_init.tcl' is done.
23:02:33 INFO  : Context for 'APU' is selected.
23:02:33 INFO  : Hardware design information is loaded from '/home/mkrekker/Documents/FPGA_For_Beginners/linux_qmtech/linux_qmtech.sdk/linux_qmtech_wrapper_hw_platform_0/system.hdf'.
23:02:33 INFO  : 'configparams force-mem-access 1' command is executed.
23:02:33 INFO  : Context for 'APU' is selected.
23:02:33 INFO  : 'stop' command is executed.
23:02:34 INFO  : 'ps7_init' command is executed.
23:02:34 INFO  : 'ps7_post_config' command is executed.
23:02:34 INFO  : Context for processor 'ps7_cortexa9_0' is selected.
23:02:34 INFO  : Processor reset is completed for 'ps7_cortexa9_0'.
23:02:34 INFO  : Context for processor 'ps7_cortexa9_0' is selected.
23:02:35 INFO  : The application '/home/mkrekker/Documents/FPGA_For_Beginners/linux_qmtech/linux_qmtech.sdk/blink/Debug/blink.elf' is downloaded to processor 'ps7_cortexa9_0'.
23:02:35 INFO  : 'configparams force-mem-access 0' command is executed.
23:02:35 INFO  : ----------------XSDB Script----------------
connect -url tcp:127.0.0.1:3121
source /home/mkrekker/Documents/FPGA_For_Beginners/linux_qmtech/linux_qmtech.sdk/linux_qmtech_wrapper_hw_platform_0/ps7_init.tcl
targets -set -nocase -filter {name =~"APU*" && jtag_cable_name =~ "Platform Cable USB II 13724327082b01"} -index 0
loadhw -hw /home/mkrekker/Documents/FPGA_For_Beginners/linux_qmtech/linux_qmtech.sdk/linux_qmtech_wrapper_hw_platform_0/system.hdf -mem-ranges [list {0x40000000 0xbfffffff}]
configparams force-mem-access 1
targets -set -nocase -filter {name =~"APU*" && jtag_cable_name =~ "Platform Cable USB II 13724327082b01"} -index 0
stop
ps7_init
ps7_post_config
targets -set -nocase -filter {name =~ "ARM*#0" && jtag_cable_name =~ "Platform Cable USB II 13724327082b01"} -index 0
rst -processor
targets -set -nocase -filter {name =~ "ARM*#0" && jtag_cable_name =~ "Platform Cable USB II 13724327082b01"} -index 0
dow /home/mkrekker/Documents/FPGA_For_Beginners/linux_qmtech/linux_qmtech.sdk/blink/Debug/blink.elf
configparams force-mem-access 0
----------------End of Script----------------

23:02:35 INFO  : Memory regions updated for context APU
23:02:35 INFO  : Context for processor 'ps7_cortexa9_0' is selected.
23:02:35 INFO  : 'con' command is executed.
23:02:35 INFO  : ----------------XSDB Script (After Launch)----------------
targets -set -nocase -filter {name =~ "ARM*#0" && jtag_cable_name =~ "Platform Cable USB II 13724327082b01"} -index 0
con
----------------End of Script----------------

23:02:35 INFO  : Launch script is exported to file '/home/mkrekker/Documents/FPGA_For_Beginners/linux_qmtech/linux_qmtech.sdk/.sdk/launch_scripts/xilinx_c-c++_application_(system_debugger)/system_debugger_using_debug_blink.elf_on_local.tcl'
23:07:20 INFO  : Connected to target on host '127.0.0.1' and port '3121'.
23:07:20 INFO  : 'targets -set -filter {jtag_cable_name =~ "Platform Cable USB II 13724327082b01" && level==0} -index 1' command is executed.
23:07:31 INFO  : FPGA configured successfully with bitstream "/home/mkrekker/Documents/FPGA_For_Beginners/linux_qmtech/linux_qmtech.sdk/linux_qmtech_wrapper_hw_platform_0/linux_qmtech_wrapper.bit"
23:08:20 INFO  : Disconnected from the channel tcfchan#1.
23:08:21 INFO  : 'targets -set -filter {jtag_cable_name =~ "Platform Cable USB II 13724327082b01" && level==0} -index 1' command is executed.
23:08:21 INFO  : 'fpga -state' command is executed.
23:08:21 INFO  : Connected to target on host '127.0.0.1' and port '3121'.
23:08:21 INFO  : Jtag cable 'Platform Cable USB II 13724327082b01' is selected.
23:08:21 INFO  : 'jtag frequency' command is executed.
23:08:21 INFO  : Sourcing of '/home/mkrekker/Documents/FPGA_For_Beginners/linux_qmtech/linux_qmtech.sdk/linux_qmtech_wrapper_hw_platform_0/ps7_init.tcl' is done.
23:08:21 INFO  : Context for 'APU' is selected.
23:08:22 INFO  : Hardware design information is loaded from '/home/mkrekker/Documents/FPGA_For_Beginners/linux_qmtech/linux_qmtech.sdk/linux_qmtech_wrapper_hw_platform_0/system.hdf'.
23:08:22 INFO  : 'configparams force-mem-access 1' command is executed.
23:08:22 INFO  : Context for 'APU' is selected.
23:08:23 INFO  : 'stop' command is executed.
23:08:26 ERROR : Memory write error at 0xE0001034. AP transaction timeout
23:08:26 INFO  : ----------------XSDB Script----------------
connect -url tcp:127.0.0.1:3121
source /home/mkrekker/Documents/FPGA_For_Beginners/linux_qmtech/linux_qmtech.sdk/linux_qmtech_wrapper_hw_platform_0/ps7_init.tcl
targets -set -nocase -filter {name =~"APU*" && jtag_cable_name =~ "Platform Cable USB II 13724327082b01"} -index 0
loadhw -hw /home/mkrekker/Documents/FPGA_For_Beginners/linux_qmtech/linux_qmtech.sdk/linux_qmtech_wrapper_hw_platform_0/system.hdf -mem-ranges [list {0x40000000 0xbfffffff}]
configparams force-mem-access 1
targets -set -nocase -filter {name =~"APU*" && jtag_cable_name =~ "Platform Cable USB II 13724327082b01"} -index 0
stop
ps7_init
----------------End of Script----------------

23:08:36 INFO  : 'targets -set -filter {jtag_cable_name =~ "Platform Cable USB II 13724327082b01" && level==0} -index 1' command is executed.
23:08:36 INFO  : 'fpga -state' command is executed.
23:08:36 INFO  : Connected to target on host '127.0.0.1' and port '3121'.
23:08:37 INFO  : Jtag cable 'Platform Cable USB II 13724327082b01' is selected.
23:08:37 INFO  : 'jtag frequency' command is executed.
23:08:37 INFO  : Sourcing of '/home/mkrekker/Documents/FPGA_For_Beginners/linux_qmtech/linux_qmtech.sdk/linux_qmtech_wrapper_hw_platform_0/ps7_init.tcl' is done.
23:08:37 INFO  : Context for 'APU' is selected.
23:08:37 INFO  : Hardware design information is loaded from '/home/mkrekker/Documents/FPGA_For_Beginners/linux_qmtech/linux_qmtech.sdk/linux_qmtech_wrapper_hw_platform_0/system.hdf'.
23:08:37 INFO  : 'configparams force-mem-access 1' command is executed.
23:08:37 INFO  : Context for 'APU' is selected.
23:08:37 INFO  : 'stop' command is executed.
23:08:38 ERROR : Memory read error at 0xF8007080. AHB AP transaction error, DAP status f0000021
23:08:38 INFO  : ----------------XSDB Script----------------
connect -url tcp:127.0.0.1:3121
source /home/mkrekker/Documents/FPGA_For_Beginners/linux_qmtech/linux_qmtech.sdk/linux_qmtech_wrapper_hw_platform_0/ps7_init.tcl
targets -set -nocase -filter {name =~"APU*" && jtag_cable_name =~ "Platform Cable USB II 13724327082b01"} -index 0
loadhw -hw /home/mkrekker/Documents/FPGA_For_Beginners/linux_qmtech/linux_qmtech.sdk/linux_qmtech_wrapper_hw_platform_0/system.hdf -mem-ranges [list {0x40000000 0xbfffffff}]
configparams force-mem-access 1
targets -set -nocase -filter {name =~"APU*" && jtag_cable_name =~ "Platform Cable USB II 13724327082b01"} -index 0
stop
ps7_init
----------------End of Script----------------

23:09:35 INFO  : 'targets -set -filter {jtag_cable_name =~ "Platform Cable USB II 13724327082b01" && level==0} -index 1' command is executed.
23:09:35 INFO  : 'fpga -state' command is executed.
23:09:35 INFO  : Connected to target on host '127.0.0.1' and port '3121'.
23:09:35 INFO  : Jtag cable 'Platform Cable USB II 13724327082b01' is selected.
23:09:35 INFO  : 'jtag frequency' command is executed.
23:09:35 INFO  : Sourcing of '/home/mkrekker/Documents/FPGA_For_Beginners/linux_qmtech/linux_qmtech.sdk/linux_qmtech_wrapper_hw_platform_0/ps7_init.tcl' is done.
23:09:35 INFO  : Context for 'APU' is selected.
23:09:35 INFO  : Hardware design information is loaded from '/home/mkrekker/Documents/FPGA_For_Beginners/linux_qmtech/linux_qmtech.sdk/linux_qmtech_wrapper_hw_platform_0/system.hdf'.
23:09:35 INFO  : 'configparams force-mem-access 1' command is executed.
23:09:35 INFO  : Context for 'APU' is selected.
23:09:36 INFO  : 'stop' command is executed.
23:09:36 ERROR : Memory read error at 0xF8007080. AHB AP transaction error, DAP status f0000021
23:09:36 INFO  : ----------------XSDB Script----------------
connect -url tcp:127.0.0.1:3121
source /home/mkrekker/Documents/FPGA_For_Beginners/linux_qmtech/linux_qmtech.sdk/linux_qmtech_wrapper_hw_platform_0/ps7_init.tcl
targets -set -nocase -filter {name =~"APU*" && jtag_cable_name =~ "Platform Cable USB II 13724327082b01"} -index 0
loadhw -hw /home/mkrekker/Documents/FPGA_For_Beginners/linux_qmtech/linux_qmtech.sdk/linux_qmtech_wrapper_hw_platform_0/system.hdf -mem-ranges [list {0x40000000 0xbfffffff}]
configparams force-mem-access 1
targets -set -nocase -filter {name =~"APU*" && jtag_cable_name =~ "Platform Cable USB II 13724327082b01"} -index 0
stop
ps7_init
----------------End of Script----------------

23:09:44 INFO  : Connected to target on host '127.0.0.1' and port '3121'.
23:09:44 INFO  : 'targets -set -filter {jtag_cable_name =~ "Platform Cable USB II 13724327082b01" && level==0} -index 1' command is executed.
23:10:14 ERROR : fpga configuration failed. DONE PIN is not HIGH
23:10:36 INFO  : Connected to target on host '127.0.0.1' and port '3121'.
23:10:36 INFO  : 'targets -set -filter {jtag_cable_name =~ "Platform Cable USB II 13724327082b01" && level==0} -index 1' command is executed.
23:10:48 INFO  : FPGA configured successfully with bitstream "/home/mkrekker/Documents/FPGA_For_Beginners/linux_qmtech/linux_qmtech.sdk/linux_qmtech_wrapper_hw_platform_0/linux_qmtech_wrapper.bit"
23:10:57 INFO  : 'targets -set -filter {jtag_cable_name =~ "Platform Cable USB II 13724327082b01" && level==0} -index 1' command is executed.
23:10:57 INFO  : 'fpga -state' command is executed.
23:10:57 INFO  : Connected to target on host '127.0.0.1' and port '3121'.
23:10:57 INFO  : Jtag cable 'Platform Cable USB II 13724327082b01' is selected.
23:10:57 INFO  : 'jtag frequency' command is executed.
23:10:57 INFO  : Sourcing of '/home/mkrekker/Documents/FPGA_For_Beginners/linux_qmtech/linux_qmtech.sdk/linux_qmtech_wrapper_hw_platform_0/ps7_init.tcl' is done.
23:10:57 INFO  : Context for 'APU' is selected.
23:10:57 INFO  : Hardware design information is loaded from '/home/mkrekker/Documents/FPGA_For_Beginners/linux_qmtech/linux_qmtech.sdk/linux_qmtech_wrapper_hw_platform_0/system.hdf'.
23:10:57 INFO  : 'configparams force-mem-access 1' command is executed.
23:10:57 INFO  : Context for 'APU' is selected.
23:10:58 INFO  : 'stop' command is executed.
23:10:58 INFO  : 'ps7_init' command is executed.
23:10:58 INFO  : 'ps7_post_config' command is executed.
23:10:58 INFO  : Context for processor 'ps7_cortexa9_0' is selected.
23:10:58 INFO  : Processor reset is completed for 'ps7_cortexa9_0'.
23:10:58 INFO  : Context for processor 'ps7_cortexa9_0' is selected.
23:10:59 INFO  : The application '/home/mkrekker/Documents/FPGA_For_Beginners/linux_qmtech/linux_qmtech.sdk/blink_1/Debug/blink_1.elf' is downloaded to processor 'ps7_cortexa9_0'.
23:10:59 INFO  : 'configparams force-mem-access 0' command is executed.
23:10:59 INFO  : ----------------XSDB Script----------------
connect -url tcp:127.0.0.1:3121
source /home/mkrekker/Documents/FPGA_For_Beginners/linux_qmtech/linux_qmtech.sdk/linux_qmtech_wrapper_hw_platform_0/ps7_init.tcl
targets -set -nocase -filter {name =~"APU*" && jtag_cable_name =~ "Platform Cable USB II 13724327082b01"} -index 0
loadhw -hw /home/mkrekker/Documents/FPGA_For_Beginners/linux_qmtech/linux_qmtech.sdk/linux_qmtech_wrapper_hw_platform_0/system.hdf -mem-ranges [list {0x40000000 0xbfffffff}]
configparams force-mem-access 1
targets -set -nocase -filter {name =~"APU*" && jtag_cable_name =~ "Platform Cable USB II 13724327082b01"} -index 0
stop
ps7_init
ps7_post_config
targets -set -nocase -filter {name =~ "ARM*#0" && jtag_cable_name =~ "Platform Cable USB II 13724327082b01"} -index 0
rst -processor
targets -set -nocase -filter {name =~ "ARM*#0" && jtag_cable_name =~ "Platform Cable USB II 13724327082b01"} -index 0
dow /home/mkrekker/Documents/FPGA_For_Beginners/linux_qmtech/linux_qmtech.sdk/blink_1/Debug/blink_1.elf
configparams force-mem-access 0
----------------End of Script----------------

23:10:59 INFO  : Memory regions updated for context APU
23:10:59 INFO  : Context for processor 'ps7_cortexa9_0' is selected.
23:10:59 INFO  : 'con' command is executed.
23:10:59 INFO  : ----------------XSDB Script (After Launch)----------------
targets -set -nocase -filter {name =~ "ARM*#0" && jtag_cable_name =~ "Platform Cable USB II 13724327082b01"} -index 0
con
----------------End of Script----------------

23:10:59 INFO  : Launch script is exported to file '/home/mkrekker/Documents/FPGA_For_Beginners/linux_qmtech/linux_qmtech.sdk/.sdk/launch_scripts/xilinx_c-c++_application_(system_debugger)/system_debugger_using_debug_blink_1.elf_on_local.tcl'
23:12:25 INFO  : Disconnected from the channel tcfchan#2.
